2024-12-11 11:50:56 - INFO - Starting to fetch raw data from Google Drive...
2024-12-11 11:50:56 - INFO - file_cache is only supported with oauth2client<4.0.0
2024-12-11 11:50:56 - INFO - Google Drive API client initialized successfully.
2024-12-11 11:50:58 - INFO - Found 3 CSV file(s) in the folder:
2024-12-11 11:50:58 - INFO - File Name: Books.csv, MIME Type: text/csv, File ID: 1h4TCtD8grK1yOC2bEyLT5uXlQ3FY4ZaM
2024-12-11 11:50:58 - INFO - File Name: Ratings.csv, MIME Type: text/csv, File ID: 1eQCUY551EP_CgpDOP7yJ2Ucfwrub_ccx
2024-12-11 11:50:58 - INFO - File Name: Users.csv, MIME Type: text/csv, File ID: 1LVnRlrwL17V4eF3OWEMd9KhbgfHutrZz
2024-12-11 11:51:15 - INFO - Download progress for file Books.csv: 100%
2024-12-11 11:51:15 - INFO - File Books.csv downloaded successfully to data/raw_files\Books.csv.
2024-12-11 11:51:22 - INFO - Download progress for file Ratings.csv: 100%
2024-12-11 11:51:22 - INFO - File Ratings.csv downloaded successfully to data/raw_files\Ratings.csv.
2024-12-11 11:51:31 - INFO - Download progress for file Users.csv: 100%
2024-12-11 11:51:31 - INFO - File Users.csv downloaded successfully to data/raw_files\Users.csv.
2024-12-11 11:51:31 - INFO - Fetching raw data completed.
2024-12-11 11:51:31 - INFO - Reading CSV files...
2024-12-11 11:51:33 - INFO - CSV files read successfully. Rows in Books: 271360, Rows in Ratings: 1149780, Rows in Users: 278858
2024-12-11 11:51:33 - INFO - Renaming columns...
2024-12-11 11:51:33 - INFO - Columns renamed successfully. Rows in Books: 271360, Rows in Ratings: 1149780, Rows in Users: 278858
2024-12-11 11:51:33 - INFO - Merging Ratings with Books...
2024-12-11 11:51:34 - INFO - Merge with Books completed. Rows after merge: 1031136
2024-12-11 11:51:34 - INFO - Merging Ratings with Users (age)...
2024-12-11 11:51:34 - INFO - Merge with Users completed. Rows after merge: 1031136
2024-12-11 11:51:34 - INFO - Categorizing Age Groups...
2024-12-11 11:51:35 - INFO - Age categorization completed. Rows after categorization: 1031136
2024-12-11 11:51:35 - INFO - Filtering users with more than 5 ratings...
2024-12-11 11:51:36 - INFO - Filtered 912059 valid users.
2024-12-11 11:51:36 - INFO - Filtering books with more than 10 ratings...
2024-12-11 11:51:41 - INFO - Filtered 417198 valid books.
2024-12-11 11:51:41 - INFO - Saving filtered data to a Parquet file...
2024-12-11 11:51:41 - INFO - Filtered data saved successfully to data/preprocessed_files/raw_data.parquet.
2024-12-11 11:51:41 - INFO - Data processing and sampling completed successfully.
2024-12-11 11:51:42 - INFO - Reading filtered data from Parquet file...
2024-12-11 11:51:42 - INFO - Parquet file read successfully.
2024-12-11 11:51:42 - INFO - Processing user information...
2024-12-11 11:51:42 - INFO - User information processed successfully.
2024-12-11 11:51:42 - INFO - Total distinct users: 16980
2024-12-11 11:51:42 - INFO - Saving distinct user information to Parquet file...
2024-12-11 11:51:42 - INFO - Distinct user_id, location, and age combinations saved successfully.
2024-12-11 11:51:42 - INFO - Reading filtered data from Parquet file...
2024-12-11 11:51:42 - INFO - Parquet file read successfully.
2024-12-11 11:51:42 - INFO - Processing book information...
2024-12-11 11:51:43 - INFO - Book information processed successfully.
2024-12-11 11:51:43 - INFO - Books count: 13560
2024-12-11 11:51:43 - INFO - Saving distinct book information to Parquet file...
2024-12-11 11:51:43 - INFO - Distinct book information saved successfully.
2024-12-11 11:51:43 - INFO - Reading data from data/preprocessed_files/raw_data.parquet...
2024-12-11 11:51:43 - INFO - Selecting relevant columns for ratings and age group...
2024-12-11 11:51:43 - INFO - Grouping ratings by age group and ISBN...
2024-12-11 11:51:43 - INFO - Age group data processed successfully.
2024-12-11 11:51:43 - INFO - Calculating weighted score for each book...
2024-12-11 11:51:43 - INFO - Selecting top ISBNs per age group...
2024-12-11 11:51:43 - INFO - Top ISBNs per age group selected successfully.
2024-12-11 11:51:43 - INFO - Top ISBNs saved to data/recommender_result\top_isbn_per_age_group.json successfully.
2024-12-11 11:51:43 - INFO - Reading data from data/preprocessed_files/raw_data.parquet...
2024-12-11 11:51:43 - INFO - Selecting relevant columns for ratings and geo-location...
2024-12-11 11:51:43 - INFO - Grouping ratings by location and ISBN...
2024-12-11 11:51:44 - INFO - Geo-location data processed successfully.
2024-12-11 11:51:44 - INFO - Calculating weighted score for each book...
2024-12-11 11:51:44 - INFO - Selecting top ISBNs per location...
2024-12-11 11:51:44 - INFO - Top ISBNs per location selected successfully.
2024-12-11 11:51:44 - INFO - Top ISBNs saved to data/recommender_result\top_isbn_per_location.json successfully.
2024-12-11 11:51:44 - INFO - Reading raw data from data/preprocessed_files/raw_data.parquet...
2024-12-11 11:51:44 - INFO - Creating the user-item matrix...
2024-12-11 11:51:54 - INFO - Converting the user-item matrix to sparse format...
2024-12-11 11:51:59 - INFO - Performing SVD with 100 components...
2024-12-11 11:52:01 - INFO - Clustering users into 30 clusters...
2024-12-11 11:52:02 - INFO - User clustering completed.
2024-12-11 11:52:02 - INFO - Mapping clusters to users...
2024-12-11 11:52:02 - INFO - Merging cluster information with raw data...
2024-12-11 11:52:02 - INFO - Generating top ISBN recommendations for each cluster...
2024-12-11 11:52:02 - INFO - Cluster recommendations generated successfully.
2024-12-11 11:52:02 - INFO - Saving user-cluster mapping to CSV...
2024-12-11 11:52:02 - INFO - Saving cluster recommendations to CSV...
2024-12-11 11:52:02 - INFO - Results saved in data/recommender_result.
2024-12-11 11:52:02 - INFO - Loading user info from data/preprocessed_files/distinct_user_age_location.parquet...
2024-12-11 11:52:02 - INFO - Loading recommendation data from data/recommender_result/top_isbn_per_age_group.json...
2024-12-11 11:52:02 - INFO - Loading recommendation data from data/recommender_result/top_isbn_per_location.json...
2024-12-11 11:52:02 - INFO - Loading recommendation data from data/recommender_result/user_clusters.csv...
2024-12-11 11:52:02 - INFO - Loading recommendation data from data/recommender_result/cluster_recommendation.csv...
2024-12-11 11:52:02 - INFO - Starting the mapping of recommendations to users...
2024-12-11 11:52:02 - INFO - Mapping cluster IDs to users...
2024-12-11 11:52:02 - INFO - Mapping collaborative recommendations based on cluster IDs...
2024-12-11 11:52:02 - INFO - Mapping demographic recommendations...
2024-12-11 11:52:02 - INFO - Mapping geographic recommendations...
2024-12-11 11:52:02 - INFO - Filling missing recommendations with empty lists...
2024-12-11 11:52:02 - INFO - Recommendations mapped successfully.
2024-12-11 11:52:02 - INFO - Saving combined recommendations to data/recommender_result/user_combined_recommendations.csv...
2024-12-11 11:52:02 - INFO - Combined recommendations saved successfully to data/recommender_result/user_combined_recommendations.csv.
2024-12-11 11:52:02 - INFO - Reading raw data from data/preprocessed_files/raw_data.parquet...
2024-12-11 11:52:03 - INFO - Creating the user-item matrix...
2024-12-11 11:52:09 - INFO - Converting the user-item matrix to sparse format...
2024-12-11 11:52:13 - INFO - Computing cosine similarity between books...
2024-12-11 11:52:14 - INFO - Generating top N similar books for each book...
2024-12-11 11:52:17 - INFO - Saving book similarity results to CSV...
2024-12-11 11:52:17 - INFO - Results saved in data/recommender_result/book_similarities.csv.
